c:\users\user\documents\individual project\ca simulator\debug\ca simulator.pch
c:\users\user\documents\individual project\ca simulator\debug\vc120.pdb
c:\users\user\documents\individual project\ca simulator\debug\vc120.idb
c:\users\user\documents\individual project\ca simulator\debug\stdafx.obj
c:\users\user\documents\individual project\ca simulator\debug\ca simulator.obj
c:\users\user\documents\individual project\ca simulator\debug\ca simulatordlg.obj
c:\users\user\documents\individual project\ca simulator\debug\openglcontrol.obj
c:\users\user\documents\individual project\ca simulator\debug\ga1darraygenome.obj
c:\users\user\documents\individual project\ca simulator\debug\ga1dbinstrgenome.obj
c:\users\user\documents\individual project\ca simulator\debug\ga2darraygenome.obj
c:\users\user\documents\individual project\ca simulator\debug\ga2dbinstrgenome.obj
c:\users\user\documents\individual project\ca simulator\debug\ga3darraygenome.obj
c:\users\user\documents\individual project\ca simulator\debug\ga3dbinstrgenome.obj
c:\users\user\documents\individual project\ca simulator\debug\gaallele.obj
c:\users\user\documents\individual project\ca simulator\debug\gabasega.obj
c:\users\user\documents\individual project\ca simulator\debug\gabin2decgenome.obj
c:\users\user\documents\individual project\ca simulator\debug\gabincvt.obj
c:\users\user\documents\individual project\ca simulator\debug\gabinstr.obj
c:\users\user\documents\individual project\ca simulator\debug\gadcrowdingga.obj
c:\users\user\documents\individual project\ca simulator\debug\gademega.obj
c:\users\user\documents\individual project\ca simulator\debug\gaerror.obj
c:\users\user\documents\individual project\ca simulator\debug\gagenome.obj
c:\users\user\documents\individual project\ca simulator\debug\ca simulator.ilk
c:\users\user\documents\individual project\ca simulator\debug\ca simulator.exe
c:\users\user\documents\individual project\ca simulator\debug\ca simulator.pdb
c:\users\user\documents\individual project\ca simulator\debug\ca simulator.res
c:\users\user\documents\individual project\ca simulator\debug\ca simulator.tlog\cl.command.1.tlog
c:\users\user\documents\individual project\ca simulator\debug\ca simulator.tlog\cl.read.1.tlog
c:\users\user\documents\individual project\ca simulator\debug\ca simulator.tlog\cl.write.1.tlog
c:\users\user\documents\individual project\ca simulator\debug\ca simulator.tlog\link.command.1.tlog
c:\users\user\documents\individual project\ca simulator\debug\ca simulator.tlog\link.read.1.tlog
c:\users\user\documents\individual project\ca simulator\debug\ca simulator.tlog\link.write.1.tlog
c:\users\user\documents\individual project\ca simulator\debug\ca simulator.tlog\rc.command.1.tlog
c:\users\user\documents\individual project\ca simulator\debug\ca simulator.tlog\rc.read.1.tlog
c:\users\user\documents\individual project\ca simulator\debug\ca simulator.tlog\rc.write.1.tlog
